#! /usr/local/iverilog/bin/vvp
:ivl_version "11.0 (devel)" "(s20150603-642-g3bdb50da)";
:ivl_delay_selection "TYPICAL";
:vpi_time_precision + 0;
:vpi_module "system";
:vpi_module "vhdl_sys";
:vpi_module "vhdl_textio";
:vpi_module "v2005_math";
:vpi_module "va_math";
S_00000000012768b0 .scope module, "sub_4" "sub_4" 2 1;
 .timescale 0 0;
    .port_info 0 /INPUT 4 "a";
    .port_info 1 /INPUT 4 "b";
    .port_info 2 /OUTPUT 4 "c";
    .port_info 3 /OUTPUT 1 "ov";
o00000000012c7728 .functor BUFZ 4, C4<zzzz>; HiZ drive
L_00000000012b8040 .functor NOT 4, o00000000012c7728, C4<0000>, C4<0000>, C4<0000>;
o00000000012c7758 .functor BUFZ 4, C4<zzzz>; HiZ drive
L_00000000012b8510 .functor AND 4, L_00000000012b8040, o00000000012c7758, C4<1111>, C4<1111>;
L_00000000012b80b0 .functor NOT 4, o00000000012c7728, C4<0000>, C4<0000>, C4<0000>;
L_00000000012b8120 .functor AND 4, L_0000000001318d00, L_00000000012b80b0, C4<1111>, C4<1111>;
L_00000000012b8190 .functor OR 4, L_00000000012b8510, L_00000000012b8120, C4<0000>, C4<0000>;
L_00000000012b8200 .functor AND 4, L_0000000001319b60, o00000000012c7758, C4<1111>, C4<1111>;
L_00000000012c2fb0 .functor OR 4, L_00000000012b8190, L_00000000012b8200, C4<0000>, C4<0000>;
L_00000000012c28b0 .functor NOT 4, L_0000000001319700, C4<0000>, C4<0000>, C4<0000>;
L_00000000012c2d80 .functor NOT 4, o00000000012c7728, C4<0000>, C4<0000>, C4<0000>;
L_00000000012c2840 .functor AND 4, L_00000000012c28b0, L_00000000012c2d80, C4<1111>, C4<1111>;
L_00000000012c3090 .functor AND 4, L_00000000012c2840, o00000000012c7758, C4<1111>, C4<1111>;
L_00000000012c3100 .functor NOT 4, L_0000000001319d40, C4<0000>, C4<0000>, C4<0000>;
L_00000000012c2920 .functor AND 4, L_00000000012c3100, o00000000012c7728, C4<1111>, C4<1111>;
L_00000000012c33a0 .functor NOT 4, o00000000012c7758, C4<0000>, C4<0000>, C4<0000>;
L_00000000012c2ae0 .functor AND 4, L_00000000012c2920, L_00000000012c33a0, C4<1111>, C4<1111>;
L_00000000012c35d0 .functor OR 4, L_00000000012c3090, L_00000000012c2ae0, C4<0000>, C4<0000>;
L_00000000012c3410 .functor NOT 4, o00000000012c7728, C4<0000>, C4<0000>, C4<0000>;
L_00000000012c2bc0 .functor AND 4, L_0000000001364a50, L_00000000012c3410, C4<1111>, C4<1111>;
L_00000000012c3170 .functor NOT 4, o00000000012c7758, C4<0000>, C4<0000>, C4<0000>;
L_00000000012c3020 .functor AND 4, L_00000000012c2bc0, L_00000000012c3170, C4<1111>, C4<1111>;
L_00000000012c2c30 .functor OR 4, L_00000000012c35d0, L_00000000012c3020, C4<0000>, C4<0000>;
L_00000000012c31e0 .functor AND 4, L_0000000001364d70, o00000000012c7728, C4<1111>, C4<1111>;
L_00000000012c3250 .functor AND 4, L_00000000012c31e0, o00000000012c7758, C4<1111>, C4<1111>;
L_00000000012c2f40 .functor OR 4, L_00000000012c2c30, L_00000000012c3250, C4<0000>, C4<0000>;
v00000000012b79d0_0 .net *"_s0", 3 0, L_00000000012b8040;  1 drivers
v00000000012b7c50_0 .net *"_s10", 3 0, L_00000000012b80b0;  1 drivers
v00000000012b74d0_0 .net *"_s12", 3 0, L_00000000012b8120;  1 drivers
v00000000012b7890_0 .net *"_s14", 3 0, L_00000000012b8190;  1 drivers
v00000000013197a0_0 .net *"_s17", 2 0, L_0000000001319480;  1 drivers
L_000000000131a090 .functor BUFT 1, C4<0>, C4<0>, C4<0>, C4<0>;
v0000000001318120_0 .net/2u *"_s18", 0 0, L_000000000131a090;  1 drivers
v0000000001319020_0 .net *"_s2", 3 0, L_00000000012b8510;  1 drivers
v0000000001319f20_0 .net *"_s20", 3 0, L_0000000001319b60;  1 drivers
v0000000001319de0_0 .net *"_s22", 3 0, L_00000000012b8200;  1 drivers
v0000000001318260_0 .net *"_s27", 2 0, L_0000000001319660;  1 drivers
L_000000000131a0d8 .functor BUFT 1, C4<0>, C4<0>, C4<0>, C4<0>;
v0000000001318580_0 .net/2u *"_s28", 0 0, L_000000000131a0d8;  1 drivers
v0000000001318800_0 .net *"_s30", 3 0, L_0000000001319700;  1 drivers
v00000000013186c0_0 .net *"_s32", 3 0, L_00000000012c28b0;  1 drivers
v00000000013195c0_0 .net *"_s34", 3 0, L_00000000012c2d80;  1 drivers
v0000000001319a20_0 .net *"_s36", 3 0, L_00000000012c2840;  1 drivers
v00000000013181c0_0 .net *"_s38", 3 0, L_00000000012c3090;  1 drivers
v0000000001318620_0 .net *"_s41", 2 0, L_0000000001319ca0;  1 drivers
L_000000000131a120 .functor BUFT 1, C4<0>, C4<0>, C4<0>, C4<0>;
v0000000001318ee0_0 .net/2u *"_s42", 0 0, L_000000000131a120;  1 drivers
v0000000001318b20_0 .net *"_s44", 3 0, L_0000000001319d40;  1 drivers
v00000000013184e0_0 .net *"_s46", 3 0, L_00000000012c3100;  1 drivers
v0000000001318300_0 .net *"_s48", 3 0, L_00000000012c2920;  1 drivers
v0000000001319160_0 .net *"_s5", 2 0, L_0000000001318a80;  1 drivers
v00000000013190c0_0 .net *"_s50", 3 0, L_00000000012c33a0;  1 drivers
v0000000001319520_0 .net *"_s52", 3 0, L_00000000012c2ae0;  1 drivers
v0000000001318e40_0 .net *"_s54", 3 0, L_00000000012c35d0;  1 drivers
v0000000001318da0_0 .net *"_s57", 2 0, L_0000000001318080;  1 drivers
L_000000000131a168 .functor BUFT 1, C4<0>, C4<0>, C4<0>, C4<0>;
v0000000001319840_0 .net/2u *"_s58", 0 0, L_000000000131a168;  1 drivers
L_000000000131a048 .functor BUFT 1, C4<0>, C4<0>, C4<0>, C4<0>;
v0000000001319200_0 .net/2u *"_s6", 0 0, L_000000000131a048;  1 drivers
v0000000001318f80_0 .net *"_s60", 3 0, L_0000000001364a50;  1 drivers
v0000000001318760_0 .net *"_s62", 3 0, L_00000000012c3410;  1 drivers
v00000000013192a0_0 .net *"_s64", 3 0, L_00000000012c2bc0;  1 drivers
v00000000013183a0_0 .net *"_s66", 3 0, L_00000000012c3170;  1 drivers
v00000000013198e0_0 .net *"_s68", 3 0, L_00000000012c3020;  1 drivers
v0000000001319e80_0 .net *"_s70", 3 0, L_00000000012c2c30;  1 drivers
v00000000013188a0_0 .net *"_s73", 2 0, L_0000000001363fb0;  1 drivers
L_000000000131a1b0 .functor BUFT 1, C4<0>, C4<0>, C4<0>, C4<0>;
v0000000001319ac0_0 .net/2u *"_s74", 0 0, L_000000000131a1b0;  1 drivers
v0000000001319980_0 .net *"_s76", 3 0, L_0000000001364d70;  1 drivers
v0000000001319c00_0 .net *"_s78", 3 0, L_00000000012c31e0;  1 drivers
v0000000001318c60_0 .net *"_s8", 3 0, L_0000000001318d00;  1 drivers
v0000000001318bc0_0 .net *"_s80", 3 0, L_00000000012c3250;  1 drivers
v0000000001318940_0 .net "a", 3 0, o00000000012c7728;  0 drivers
v0000000001318440_0 .net "b", 3 0, o00000000012c7758;  0 drivers
v0000000001319340_0 .net "c", 3 0, L_00000000012c2f40;  1 drivers
o00000000012c77b8 .functor BUFZ 1, C4<z>; HiZ drive
v00000000013193e0_0 .net "ov", 0 0, o00000000012c77b8;  0 drivers
v00000000013189e0_0 .net "ov_w", 3 0, L_00000000012c2fb0;  1 drivers
L_0000000001318a80 .part L_00000000012c2fb0, 0, 3;
L_0000000001318d00 .concat [ 1 3 0 0], L_000000000131a048, L_0000000001318a80;
L_0000000001319480 .part L_00000000012c2fb0, 0, 3;
L_0000000001319b60 .concat [ 1 3 0 0], L_000000000131a090, L_0000000001319480;
L_0000000001319660 .part L_00000000012c2fb0, 0, 3;
L_0000000001319700 .concat [ 1 3 0 0], L_000000000131a0d8, L_0000000001319660;
L_0000000001319ca0 .part L_00000000012c2fb0, 0, 3;
L_0000000001319d40 .concat [ 1 3 0 0], L_000000000131a120, L_0000000001319ca0;
L_0000000001318080 .part L_00000000012c2fb0, 0, 3;
L_0000000001364a50 .concat [ 1 3 0 0], L_000000000131a168, L_0000000001318080;
L_0000000001363fb0 .part L_00000000012c2fb0, 0, 3;
L_0000000001364d70 .concat [ 1 3 0 0], L_000000000131a1b0, L_0000000001363fb0;
# The file index is used to find the file name in the following table.
:file_names 3;
    "N/A";
    "<interactive>";
    "sub_4";
