#! /usr/local/iverilog/bin/vvp
:ivl_version "11.0 (devel)" "(s20150603-642-g3bdb50da)";
:ivl_delay_selection "TYPICAL";
:vpi_time_precision + 0;
:vpi_module "system";
:vpi_module "vhdl_sys";
:vpi_module "vhdl_textio";
:vpi_module "v2005_math";
:vpi_module "va_math";
S_00000000011868d0 .scope module, "sub_4" "sub_4" 2 1;
 .timescale 0 0;
    .port_info 0 /INPUT 4 "a";
    .port_info 1 /INPUT 4 "b";
    .port_info 2 /OUTPUT 4 "c";
    .port_info 3 /OUTPUT 1 "ov";
o00000000011d7758 .functor BUFZ 4, C4<zzzz>; HiZ drive
L_00000000011c7fc0 .functor NOT 4, o00000000011d7758, C4<0000>, C4<0000>, C4<0000>;
o00000000011d7788 .functor BUFZ 4, C4<zzzz>; HiZ drive
L_00000000011c80a0 .functor AND 4, L_00000000011c7fc0, o00000000011d7788, C4<1111>, C4<1111>;
L_00000000011c8110 .functor NOT 4, o00000000011d7758, C4<0000>, C4<0000>, C4<0000>;
L_00000000011c8180 .functor AND 4, L_0000000001228ce0, L_00000000011c8110, C4<1111>, C4<1111>;
L_00000000011c8260 .functor OR 4, L_00000000011c80a0, L_00000000011c8180, C4<0000>, C4<0000>;
L_00000000011c8340 .functor AND 4, L_00000000012290a0, o00000000011d7788, C4<1111>, C4<1111>;
L_00000000011d2cf0 .functor OR 4, L_00000000011c8260, L_00000000011c8340, C4<0000>, C4<0000>;
L_00000000011d3af0 .functor NOT 4, L_00000000012295a0, C4<0000>, C4<0000>, C4<0000>;
L_00000000011d31c0 .functor NOT 4, o00000000011d7758, C4<0000>, C4<0000>, C4<0000>;
L_00000000011d3460 .functor AND 4, L_00000000011d3af0, L_00000000011d31c0, C4<1111>, C4<1111>;
L_00000000011d3150 .functor AND 4, L_00000000011d3460, o00000000011d7788, C4<1111>, C4<1111>;
L_00000000011d30e0 .functor NOT 4, L_00000000012730c0, C4<0000>, C4<0000>, C4<0000>;
L_00000000011d32a0 .functor AND 4, L_00000000011d30e0, o00000000011d7758, C4<1111>, C4<1111>;
L_00000000011d37e0 .functor NOT 4, o00000000011d7788, C4<0000>, C4<0000>, C4<0000>;
L_00000000011d34d0 .functor AND 4, L_00000000011d32a0, L_00000000011d37e0, C4<1111>, C4<1111>;
L_00000000011d3770 .functor OR 4, L_00000000011d3150, L_00000000011d34d0, C4<0000>, C4<0000>;
L_00000000011d3380 .functor NOT 4, o00000000011d7758, C4<0000>, C4<0000>, C4<0000>;
L_00000000011d3690 .functor AND 4, L_0000000001272c60, L_00000000011d3380, C4<1111>, C4<1111>;
L_00000000011d3b60 .functor NOT 4, o00000000011d7788, C4<0000>, C4<0000>, C4<0000>;
L_00000000011d3a80 .functor AND 4, L_00000000011d3690, L_00000000011d3b60, C4<1111>, C4<1111>;
L_00000000011d3bd0 .functor OR 4, L_00000000011d3770, L_00000000011d3a80, C4<0000>, C4<0000>;
L_00000000011d2d60 .functor AND 4, L_0000000001273480, o00000000011d7758, C4<1111>, C4<1111>;
L_00000000011d3620 .functor AND 4, L_00000000011d2d60, o00000000011d7788, C4<1111>, C4<1111>;
L_00000000011d39a0 .functor OR 4, L_00000000011d3bd0, L_00000000011d3620, C4<0000>, C4<0000>;
v00000000011c77e0_0 .net *"_s0", 3 0, L_00000000011c7fc0;  1 drivers
v00000000011c7ce0_0 .net *"_s10", 3 0, L_00000000011c8110;  1 drivers
v0000000001228a60_0 .net *"_s12", 3 0, L_00000000011c8180;  1 drivers
v0000000001228ec0_0 .net *"_s14", 3 0, L_00000000011c8260;  1 drivers
v00000000012298c0_0 .net *"_s17", 2 0, L_0000000001229000;  1 drivers
L_0000000001229cb0 .functor BUFT 1, C4<0>, C4<0>, C4<0>, C4<0>;
v0000000001229320_0 .net/2u *"_s18", 0 0, L_0000000001229cb0;  1 drivers
v0000000001227ca0_0 .net *"_s2", 3 0, L_00000000011c80a0;  1 drivers
v0000000001228b00_0 .net *"_s20", 3 0, L_00000000012290a0;  1 drivers
v0000000001229280_0 .net *"_s22", 3 0, L_00000000011c8340;  1 drivers
v0000000001228600_0 .net *"_s27", 2 0, L_0000000001229140;  1 drivers
L_0000000001229cf8 .functor BUFT 1, C4<0>, C4<0>, C4<0>, C4<0>;
v00000000012293c0_0 .net/2u *"_s28", 0 0, L_0000000001229cf8;  1 drivers
v0000000001229960_0 .net *"_s30", 3 0, L_00000000012295a0;  1 drivers
v0000000001229b40_0 .net *"_s32", 3 0, L_00000000011d3af0;  1 drivers
v0000000001229460_0 .net *"_s34", 3 0, L_00000000011d31c0;  1 drivers
v0000000001228060_0 .net *"_s36", 3 0, L_00000000011d3460;  1 drivers
v0000000001228d80_0 .net *"_s38", 3 0, L_00000000011d3150;  1 drivers
v0000000001227d40_0 .net *"_s41", 2 0, L_0000000001229640;  1 drivers
L_0000000001229d40 .functor BUFT 1, C4<0>, C4<0>, C4<0>, C4<0>;
v00000000012282e0_0 .net/2u *"_s42", 0 0, L_0000000001229d40;  1 drivers
v0000000001228100_0 .net *"_s44", 3 0, L_00000000012730c0;  1 drivers
v0000000001229a00_0 .net *"_s46", 3 0, L_00000000011d30e0;  1 drivers
v00000000012296e0_0 .net *"_s48", 3 0, L_00000000011d32a0;  1 drivers
v0000000001228560_0 .net *"_s5", 2 0, L_0000000001229500;  1 drivers
v0000000001229780_0 .net *"_s50", 3 0, L_00000000011d37e0;  1 drivers
v0000000001229aa0_0 .net *"_s52", 3 0, L_00000000011d34d0;  1 drivers
v0000000001229820_0 .net *"_s54", 3 0, L_00000000011d3770;  1 drivers
v00000000012286a0_0 .net *"_s57", 2 0, L_00000000012728a0;  1 drivers
L_0000000001229d88 .functor BUFT 1, C4<0>, C4<0>, C4<0>, C4<0>;
v0000000001228740_0 .net/2u *"_s58", 0 0, L_0000000001229d88;  1 drivers
L_0000000001229c68 .functor BUFT 1, C4<0>, C4<0>, C4<0>, C4<0>;
v00000000012281a0_0 .net/2u *"_s6", 0 0, L_0000000001229c68;  1 drivers
v00000000012287e0_0 .net *"_s60", 3 0, L_0000000001272c60;  1 drivers
v0000000001228f60_0 .net *"_s62", 3 0, L_00000000011d3380;  1 drivers
v0000000001228880_0 .net *"_s64", 3 0, L_00000000011d3690;  1 drivers
v0000000001227de0_0 .net *"_s66", 3 0, L_00000000011d3b60;  1 drivers
v0000000001228e20_0 .net *"_s68", 3 0, L_00000000011d3a80;  1 drivers
v0000000001228ba0_0 .net *"_s70", 3 0, L_00000000011d3bd0;  1 drivers
v0000000001228380_0 .net *"_s73", 2 0, L_0000000001272ee0;  1 drivers
L_0000000001229dd0 .functor BUFT 1, C4<0>, C4<0>, C4<0>, C4<0>;
v0000000001227e80_0 .net/2u *"_s74", 0 0, L_0000000001229dd0;  1 drivers
v00000000012284c0_0 .net *"_s76", 3 0, L_0000000001273480;  1 drivers
v0000000001228920_0 .net *"_s78", 3 0, L_00000000011d2d60;  1 drivers
v0000000001227fc0_0 .net *"_s8", 3 0, L_0000000001228ce0;  1 drivers
v0000000001228420_0 .net *"_s80", 3 0, L_00000000011d3620;  1 drivers
v0000000001227f20_0 .net "a", 3 0, o00000000011d7758;  0 drivers
v00000000012289c0_0 .net "b", 3 0, o00000000011d7788;  0 drivers
v00000000012291e0_0 .net "c", 3 0, L_00000000011d39a0;  1 drivers
v0000000001228c40_0 .net "ov", 0 0, L_00000000012732a0;  1 drivers
v0000000001228240_0 .net "ov_w", 3 0, L_00000000011d2cf0;  1 drivers
L_0000000001229500 .part L_00000000011d2cf0, 0, 3;
L_0000000001228ce0 .concat [ 1 3 0 0], L_0000000001229c68, L_0000000001229500;
L_0000000001229000 .part L_00000000011d2cf0, 0, 3;
L_00000000012290a0 .concat [ 1 3 0 0], L_0000000001229cb0, L_0000000001229000;
L_0000000001229140 .part L_00000000011d2cf0, 0, 3;
L_00000000012295a0 .concat [ 1 3 0 0], L_0000000001229cf8, L_0000000001229140;
L_0000000001229640 .part L_00000000011d2cf0, 0, 3;
L_00000000012730c0 .concat [ 1 3 0 0], L_0000000001229d40, L_0000000001229640;
L_00000000012728a0 .part L_00000000011d2cf0, 0, 3;
L_0000000001272c60 .concat [ 1 3 0 0], L_0000000001229d88, L_00000000012728a0;
L_0000000001272ee0 .part L_00000000011d2cf0, 0, 3;
L_0000000001273480 .concat [ 1 3 0 0], L_0000000001229dd0, L_0000000001272ee0;
L_00000000012732a0 .part L_00000000011d2cf0, 3, 1;
# The file index is used to find the file name in the following table.
:file_names 3;
    "N/A";
    "<interactive>";
    "sub_4.v";
