#! /usr/local/iverilog/bin/vvp
:ivl_version "11.0 (devel)" "(s20150603-642-g3bdb50da)";
:ivl_delay_selection "TYPICAL";
:vpi_time_precision + 0;
:vpi_module "system";
:vpi_module "vhdl_sys";
:vpi_module "vhdl_textio";
:vpi_module "v2005_math";
:vpi_module "va_math";
S_00000000011968b0 .scope module, "da" "da" 2 1;
 .timescale 0 0;
    .port_info 0 /INPUT 8 "a";
    .port_info 1 /INPUT 1 "ac";
    .port_info 2 /INPUT 1 "cy";
    .port_info 3 /OUTPUT 8 "b";
    .port_info 4 /OUTPUT 1 "ov";
L_00000000011f7e60 .functor NOT 1, L_000000000124ea30, C4<0>, C4<0>, C4<0>;
L_00000000011f8100 .functor AND 1, L_00000000011f7e60, L_000000000124ead0, C4<1>, C4<1>;
L_00000000011f8aa0 .functor NOT 1, L_000000000124f4d0, C4<0>, C4<0>, C4<0>;
L_00000000011f8410 .functor AND 1, L_00000000011f8aa0, L_000000000124f750, C4<1>, C4<1>;
L_00000000011f8a30 .functor OR 1, L_00000000011f8100, L_00000000011f8410, C4<0>, C4<0>;
L_00000000011f7ed0 .functor NOT 1, L_000000000124ec10, C4<0>, C4<0>, C4<0>;
L_00000000011f8330 .functor AND 1, L_000000000124eb70, L_00000000011f7ed0, C4<1>, C4<1>;
L_00000000011f8bf0 .functor NOT 1, L_000000000124ecb0, C4<0>, C4<0>, C4<0>;
L_00000000011f8170 .functor AND 1, L_00000000011f8330, L_00000000011f8bf0, C4<1>, C4<1>;
L_00000000011f8720 .functor OR 1, L_00000000011f8a30, L_00000000011f8170, C4<0>, C4<0>;
L_00000000011f86b0 .functor NOT 1, L_000000000124ed50, C4<0>, C4<0>, C4<0>;
L_00000000011f7f40 .functor NOT 1, L_000000000124f930, C4<0>, C4<0>, C4<0>;
L_00000000011f81e0 .functor AND 1, L_00000000011f86b0, L_00000000011f7f40, C4<1>, C4<1>;
L_00000000011f8b10 .functor AND 1, L_000000000124edf0, L_000000000124fd90, C4<1>, C4<1>;
L_00000000011f8790 .functor OR 1, L_00000000011f81e0, L_00000000011f8b10, C4<0>, C4<0>;
L_00000000011f89c0 .functor NOT 1, L_000000000124fc50, C4<0>, C4<0>, C4<0>;
L_00000000011f8090 .functor AND 1, L_000000000124efd0, L_000000000124e2b0, C4<1>, C4<1>;
L_00000000011f8800 .functor AND 1, L_000000000124fcf0, L_000000000124fe30, C4<1>, C4<1>;
L_00000000011f83a0 .functor OR 1, L_00000000011f8090, L_00000000011f8800, C4<0>, C4<0>;
L_00000000012510a8 .functor BUFT 1, C4<1>, C4<0>, C4<0>, C4<0>;
L_00000000011f8b80 .functor XNOR 1, L_00000000011f83a0, L_00000000012510a8, C4<0>, C4<0>;
o00000000011fa328 .functor BUFZ 1, C4<z>; HiZ drive
L_00000000012510f0 .functor BUFT 1, C4<1>, C4<0>, C4<0>, C4<0>;
L_00000000011f8250 .functor XNOR 1, o00000000011fa328, L_00000000012510f0, C4<0>, C4<0>;
L_00000000011f8c60 .functor OR 1, L_00000000011f8b80, L_00000000011f8250, C4<0>, C4<0>;
L_00000000011f88e0 .functor NOT 1, L_000000000124ff70, C4<0>, C4<0>, C4<0>;
L_00000000011f7d80 .functor AND 1, L_00000000011f88e0, L_000000000124e530, C4<1>, C4<1>;
L_00000000011f8480 .functor NOT 1, L_000000000124e170, C4<0>, C4<0>, C4<0>;
L_00000000011f8870 .functor AND 1, L_00000000011f8480, L_000000000129ae90, C4<1>, C4<1>;
L_00000000011f84f0 .functor OR 1, L_00000000011f7d80, L_00000000011f8870, C4<0>, C4<0>;
L_00000000011f8560 .functor NOT 1, L_0000000001299630, C4<0>, C4<0>, C4<0>;
L_00000000011f85d0 .functor AND 1, L_000000000129a850, L_00000000011f8560, C4<1>, C4<1>;
L_00000000011f8950 .functor NOT 1, L_0000000001299770, C4<0>, C4<0>, C4<0>;
L_00000000011f8640 .functor AND 1, L_00000000011f85d0, L_00000000011f8950, C4<1>, C4<1>;
L_000000000129bd50 .functor OR 1, L_00000000011f84f0, L_00000000011f8640, C4<0>, C4<0>;
L_000000000129c1b0 .functor NOT 1, L_000000000129a030, C4<0>, C4<0>, C4<0>;
L_000000000129b340 .functor NOT 1, L_0000000001299810, C4<0>, C4<0>, C4<0>;
L_000000000129b570 .functor AND 1, L_000000000129c1b0, L_000000000129b340, C4<1>, C4<1>;
L_000000000129b6c0 .functor AND 1, L_000000000129acb0, L_000000000129af30, C4<1>, C4<1>;
L_000000000129b730 .functor OR 1, L_000000000129b570, L_000000000129b6c0, C4<0>, C4<0>;
L_000000000129b490 .functor NOT 1, L_000000000129a5d0, C4<0>, C4<0>, C4<0>;
L_000000000129b3b0 .functor AND 1, L_0000000001299a90, L_000000000129a350, C4<1>, C4<1>;
L_000000000129b650 .functor AND 1, L_00000000012996d0, L_0000000001299b30, C4<1>, C4<1>;
L_000000000129bb90 .functor OR 1, L_000000000129b3b0, L_000000000129b650, C4<0>, C4<0>;
L_0000000001251138 .functor BUFT 1, C4<1>, C4<0>, C4<0>, C4<0>;
L_000000000129bf10 .functor XNOR 1, L_000000000129bb90, L_0000000001251138, C4<0>, C4<0>;
o00000000011fa418 .functor BUFZ 1, C4<z>; HiZ drive
L_0000000001251180 .functor BUFT 1, C4<1>, C4<0>, C4<0>, C4<0>;
L_000000000129b960 .functor XNOR 1, o00000000011fa418, L_0000000001251180, C4<0>, C4<0>;
L_000000000129b880 .functor OR 1, L_000000000129bf10, L_000000000129b960, C4<0>, C4<0>;
L_000000000129c140 .functor AND 4, L_00000000012993b0, L_000000000129aad0, C4<1111>, C4<1111>;
L_000000000129b2d0 .functor XOR 4, L_00000000012993b0, L_000000000129ad50, C4<0000>, C4<0000>;
L_0000000001251258 .functor BUFT 1, C4<1>, C4<0>, C4<0>, C4<0>;
L_000000000129b9d0 .functor XNOR 1, L_00000000011f83a0, L_0000000001251258, C4<0>, C4<0>;
L_000000000129bab0 .functor BUFZ 1, L_000000000129bb90, C4<0>, C4<0>, C4<0>;
v00000000011efa60_0 .net *"_s101", 0 0, L_000000000124ff70;  1 drivers
v00000000011ee8e0_0 .net *"_s102", 0 0, L_00000000011f88e0;  1 drivers
v00000000011efb00_0 .net *"_s105", 0 0, L_000000000124e530;  1 drivers
v00000000011efec0_0 .net *"_s106", 0 0, L_00000000011f7d80;  1 drivers
v00000000011efc40_0 .net *"_s109", 0 0, L_000000000124e170;  1 drivers
v00000000011eeca0_0 .net *"_s11", 0 0, L_000000000124f4d0;  1 drivers
v00000000011efce0_0 .net *"_s110", 0 0, L_00000000011f8480;  1 drivers
v00000000011eed40_0 .net *"_s113", 0 0, L_000000000129ae90;  1 drivers
v00000000011ef2e0_0 .net *"_s114", 0 0, L_00000000011f8870;  1 drivers
v00000000011ee520_0 .net *"_s116", 0 0, L_00000000011f84f0;  1 drivers
v00000000011efd80_0 .net *"_s119", 0 0, L_000000000129a850;  1 drivers
v00000000011efe20_0 .net *"_s12", 0 0, L_00000000011f8aa0;  1 drivers
v00000000011eff60_0 .net *"_s121", 0 0, L_0000000001299630;  1 drivers
v00000000011f0000_0 .net *"_s122", 0 0, L_00000000011f8560;  1 drivers
v00000000011ee5c0_0 .net *"_s124", 0 0, L_00000000011f85d0;  1 drivers
v00000000011f01e0_0 .net *"_s127", 0 0, L_0000000001299770;  1 drivers
v00000000011f0280_0 .net *"_s128", 0 0, L_00000000011f8950;  1 drivers
v00000000011ee3e0_0 .net *"_s130", 0 0, L_00000000011f8640;  1 drivers
v00000000011ee480_0 .net *"_s132", 0 0, L_000000000129bd50;  1 drivers
v00000000011ee700_0 .net *"_s137", 0 0, L_000000000129a030;  1 drivers
v00000000011ee7a0_0 .net *"_s138", 0 0, L_000000000129c1b0;  1 drivers
v00000000011ee840_0 .net *"_s141", 0 0, L_0000000001299810;  1 drivers
v00000000011d9be0_0 .net *"_s142", 0 0, L_000000000129b340;  1 drivers
v00000000011d9c80_0 .net *"_s144", 0 0, L_000000000129b570;  1 drivers
v00000000011da400_0 .net *"_s147", 0 0, L_000000000129acb0;  1 drivers
v00000000011d9140_0 .net *"_s149", 0 0, L_000000000129af30;  1 drivers
v00000000011da040_0 .net *"_s15", 0 0, L_000000000124f750;  1 drivers
v000000000119a7c0_0 .net *"_s150", 0 0, L_000000000129b6c0;  1 drivers
v000000000124c3b0_0 .net *"_s152", 0 0, L_000000000129b730;  1 drivers
v000000000124d490_0 .net *"_s157", 0 0, L_000000000129a5d0;  1 drivers
v000000000124c4f0_0 .net *"_s158", 0 0, L_000000000129b490;  1 drivers
v000000000124d0d0_0 .net *"_s16", 0 0, L_00000000011f8410;  1 drivers
v000000000124d350_0 .net *"_s164", 0 0, L_000000000129b070;  1 drivers
v000000000124c810_0 .net *"_s166", 0 0, L_0000000001299a90;  1 drivers
v000000000124bb90_0 .net *"_s168", 0 0, L_000000000129a350;  1 drivers
v000000000124c6d0_0 .net *"_s169", 0 0, L_000000000129b3b0;  1 drivers
v000000000124ba50_0 .net *"_s172", 0 0, L_00000000012996d0;  1 drivers
v000000000124cf90_0 .net *"_s174", 0 0, L_0000000001299b30;  1 drivers
v000000000124beb0_0 .net *"_s175", 0 0, L_000000000129b650;  1 drivers
v000000000124c770_0 .net/2u *"_s179", 0 0, L_0000000001251138;  1 drivers
v000000000124bc30_0 .net *"_s18", 0 0, L_00000000011f8a30;  1 drivers
v000000000124be10_0 .net *"_s181", 0 0, L_000000000129bf10;  1 drivers
v000000000124bf50_0 .net/2u *"_s183", 0 0, L_0000000001251180;  1 drivers
v000000000124d2b0_0 .net *"_s185", 0 0, L_000000000129b960;  1 drivers
v000000000124bcd0_0 .net *"_s187", 0 0, L_000000000129b880;  1 drivers
v000000000124d170_0 .net *"_s190", 3 0, L_000000000129a0d0;  1 drivers
v000000000124d210_0 .net *"_s192", 3 0, L_0000000001299bd0;  1 drivers
v000000000124d530_0 .net *"_s196", 2 0, L_000000000129a710;  1 drivers
L_00000000012511c8 .functor BUFT 1, C4<1>, C4<0>, C4<0>, C4<0>;
v000000000124c8b0_0 .net/2u *"_s197", 0 0, L_00000000012511c8;  1 drivers
v000000000124b7d0_0 .net *"_s199", 3 0, L_000000000129aad0;  1 drivers
v000000000124cbd0_0 .net *"_s204", 2 0, L_000000000129a8f0;  1 drivers
L_0000000001251210 .functor BUFT 1, C4<1>, C4<0>, C4<0>, C4<0>;
v000000000124cdb0_0 .net/2u *"_s205", 0 0, L_0000000001251210;  1 drivers
v000000000124d3f0_0 .net *"_s207", 3 0, L_000000000129ad50;  1 drivers
v000000000124d030_0 .net *"_s21", 0 0, L_000000000124eb70;  1 drivers
v000000000124cb30_0 .net/2u *"_s214", 0 0, L_0000000001251258;  1 drivers
v000000000124c950_0 .net *"_s216", 0 0, L_000000000129b9d0;  1 drivers
v000000000124c130_0 .net *"_s218", 3 0, L_00000000012998b0;  1 drivers
v000000000124c450_0 .net *"_s23", 0 0, L_000000000124ec10;  1 drivers
v000000000124c9f0_0 .net *"_s24", 0 0, L_00000000011f7ed0;  1 drivers
v000000000124cd10_0 .net *"_s26", 0 0, L_00000000011f8330;  1 drivers
v000000000124c090_0 .net *"_s29", 0 0, L_000000000124ecb0;  1 drivers
v000000000124ce50_0 .net *"_s3", 0 0, L_000000000124ea30;  1 drivers
v000000000124baf0_0 .net *"_s30", 0 0, L_00000000011f8bf0;  1 drivers
v000000000124c270_0 .net *"_s32", 0 0, L_00000000011f8170;  1 drivers
v000000000124b690_0 .net *"_s34", 0 0, L_00000000011f8720;  1 drivers
v000000000124c630_0 .net *"_s39", 0 0, L_000000000124ed50;  1 drivers
v000000000124cc70_0 .net *"_s4", 0 0, L_00000000011f7e60;  1 drivers
v000000000124b9b0_0 .net *"_s40", 0 0, L_00000000011f86b0;  1 drivers
v000000000124cef0_0 .net *"_s43", 0 0, L_000000000124f930;  1 drivers
v000000000124c310_0 .net *"_s44", 0 0, L_00000000011f7f40;  1 drivers
v000000000124b870_0 .net *"_s46", 0 0, L_00000000011f81e0;  1 drivers
v000000000124c590_0 .net *"_s49", 0 0, L_000000000124edf0;  1 drivers
v000000000124c1d0_0 .net *"_s51", 0 0, L_000000000124fd90;  1 drivers
v000000000124ca90_0 .net *"_s52", 0 0, L_00000000011f8b10;  1 drivers
v000000000124bff0_0 .net *"_s54", 0 0, L_00000000011f8790;  1 drivers
v000000000124b910_0 .net *"_s59", 0 0, L_000000000124fc50;  1 drivers
v000000000124b730_0 .net *"_s60", 0 0, L_00000000011f89c0;  1 drivers
v000000000124bd70_0 .net *"_s65", 0 0, L_000000000124ee90;  1 drivers
v000000000124f7f0_0 .net *"_s67", 0 0, L_000000000124efd0;  1 drivers
v000000000124f9d0_0 .net *"_s69", 0 0, L_000000000124e2b0;  1 drivers
v000000000124e8f0_0 .net *"_s7", 0 0, L_000000000124ead0;  1 drivers
v000000000124f1b0_0 .net *"_s70", 0 0, L_00000000011f8090;  1 drivers
v000000000124e670_0 .net *"_s73", 0 0, L_000000000124fcf0;  1 drivers
v000000000124e850_0 .net *"_s75", 0 0, L_000000000124fe30;  1 drivers
v000000000124fb10_0 .net *"_s76", 0 0, L_00000000011f8800;  1 drivers
v000000000124f2f0_0 .net *"_s8", 0 0, L_00000000011f8100;  1 drivers
v000000000124e5d0_0 .net/2u *"_s82", 0 0, L_00000000012510a8;  1 drivers
v000000000124e710_0 .net *"_s84", 0 0, L_00000000011f8b80;  1 drivers
v000000000124ef30_0 .net/2u *"_s86", 0 0, L_00000000012510f0;  1 drivers
v000000000124f110_0 .net *"_s88", 0 0, L_00000000011f8250;  1 drivers
v000000000124f250_0 .net *"_s90", 0 0, L_00000000011f8c60;  1 drivers
v000000000124e210_0 .net *"_s93", 3 0, L_000000000124fed0;  1 drivers
v000000000124f610_0 .net *"_s95", 3 0, L_000000000124f070;  1 drivers
v000000000124f890_0 .net *"_s96", 3 0, L_000000000124e350;  1 drivers
o00000000011fa2f8 .functor BUFZ 8, C4<zzzzzzzz>; HiZ drive
v000000000124fbb0_0 .net "a", 7 0, o00000000011fa2f8;  0 drivers
v000000000124fa70_0 .net "ac", 0 0, o00000000011fa328;  0 drivers
v000000000124e0d0_0 .net "b", 7 0, L_00000000012999f0;  1 drivers
v000000000124e490_0 .net "b_w", 7 0, L_000000000129afd0;  1 drivers
v000000000124e990_0 .net "bi_w", 3 0, L_000000000129b2d0;  1 drivers
v000000000124f570_0 .net "bii_w", 3 0, L_00000000012993b0;  1 drivers
v000000000124f390_0 .net "cy", 0 0, o00000000011fa418;  0 drivers
v000000000124e7b0_0 .net "ov", 0 0, L_000000000129bab0;  1 drivers
v000000000124e3f0_0 .net "ov_w", 3 0, L_000000000129c140;  1 drivers
v000000000124f430_0 .net "ovh_w", 0 0, L_000000000129bb90;  1 drivers
v000000000124f6b0_0 .net "ovl_w", 0 0, L_00000000011f83a0;  1 drivers
L_000000000124ea30 .part o00000000011fa2f8, 3, 1;
L_000000000124ead0 .part o00000000011fa2f8, 1, 1;
L_000000000124f4d0 .part o00000000011fa2f8, 3, 1;
L_000000000124f750 .part o00000000011fa2f8, 2, 1;
L_000000000124eb70 .part o00000000011fa2f8, 3, 1;
L_000000000124ec10 .part o00000000011fa2f8, 2, 1;
L_000000000124ecb0 .part o00000000011fa2f8, 1, 1;
L_000000000124ed50 .part o00000000011fa2f8, 2, 1;
L_000000000124f930 .part o00000000011fa2f8, 1, 1;
L_000000000124edf0 .part o00000000011fa2f8, 2, 1;
L_000000000124fd90 .part o00000000011fa2f8, 1, 1;
L_000000000124fc50 .part o00000000011fa2f8, 1, 1;
L_000000000124ee90 .part o00000000011fa2f8, 0, 1;
L_000000000124efd0 .part o00000000011fa2f8, 3, 1;
L_000000000124e2b0 .part o00000000011fa2f8, 1, 1;
L_000000000124fcf0 .part o00000000011fa2f8, 3, 1;
L_000000000124fe30 .part o00000000011fa2f8, 2, 1;
L_000000000124fed0 .part L_000000000129afd0, 0, 4;
L_000000000124f070 .part o00000000011fa2f8, 0, 4;
L_000000000124e350 .functor MUXZ 4, L_000000000124f070, L_000000000124fed0, L_00000000011f8c60, C4<>;
L_000000000124ff70 .part o00000000011fa2f8, 7, 1;
L_000000000124e530 .part o00000000011fa2f8, 5, 1;
L_000000000124e170 .part o00000000011fa2f8, 7, 1;
L_000000000129ae90 .part o00000000011fa2f8, 6, 1;
L_000000000129a850 .part o00000000011fa2f8, 7, 1;
L_0000000001299630 .part o00000000011fa2f8, 6, 1;
L_0000000001299770 .part o00000000011fa2f8, 5, 1;
L_000000000129a030 .part o00000000011fa2f8, 6, 1;
L_0000000001299810 .part o00000000011fa2f8, 5, 1;
L_000000000129acb0 .part o00000000011fa2f8, 6, 1;
L_000000000129af30 .part o00000000011fa2f8, 5, 1;
L_000000000129a5d0 .part o00000000011fa2f8, 5, 1;
LS_000000000129afd0_0_0 .concat8 [ 1 1 1 1], L_000000000124ee90, L_00000000011f89c0, L_00000000011f8790, L_00000000011f8720;
LS_000000000129afd0_0_4 .concat8 [ 1 1 1 1], L_000000000129b070, L_000000000129b490, L_000000000129b730, L_000000000129bd50;
L_000000000129afd0 .concat8 [ 4 4 0 0], LS_000000000129afd0_0_0, LS_000000000129afd0_0_4;
L_000000000129b070 .part o00000000011fa2f8, 4, 1;
L_0000000001299a90 .part o00000000011fa2f8, 7, 1;
L_000000000129a350 .part o00000000011fa2f8, 5, 1;
L_00000000012996d0 .part o00000000011fa2f8, 7, 1;
L_0000000001299b30 .part o00000000011fa2f8, 6, 1;
L_000000000129a0d0 .part L_000000000129afd0, 4, 4;
L_0000000001299bd0 .part o00000000011fa2f8, 4, 4;
L_00000000012993b0 .functor MUXZ 4, L_0000000001299bd0, L_000000000129a0d0, L_000000000129b880, C4<>;
L_000000000129a710 .part L_000000000129c140, 0, 3;
L_000000000129aad0 .concat [ 1 3 0 0], L_00000000012511c8, L_000000000129a710;
L_000000000129a8f0 .part L_000000000129c140, 0, 3;
L_000000000129ad50 .concat [ 1 3 0 0], L_0000000001251210, L_000000000129a8f0;
L_00000000012999f0 .concat8 [ 4 4 0 0], L_000000000124e350, L_00000000012998b0;
L_00000000012998b0 .functor MUXZ 4, L_00000000012993b0, L_000000000129b2d0, L_000000000129b9d0, C4<>;
# The file index is used to find the file name in the following table.
:file_names 3;
    "N/A";
    "<interactive>";
    "da.v";
